0 info it worked if it ends with ok
1 verbose cli [ '/usr/local/bin/node', '/usr/local/bin/npm', 'start' ]
2 info using npm@4.0.2
3 info using node@v6.8.0
4 verbose run-script [ 'prestart', 'start', 'poststart' ]
5 info lifecycle express-staticfile@~prestart: express-staticfile@
6 silly lifecycle express-staticfile@~prestart: no script for prestart, continuing
7 info lifecycle express-staticfile@~start: express-staticfile@
8 verbose lifecycle express-staticfile@~start: unsafe-perm in lifecycle true
9 verbose lifecycle express-staticfile@~start: PATH: /usr/local/lib/node_modules/npm/bin/node-gyp-bin:/Users/Deepak/MEAN_workspace/MEAN_workspace/express-staticfileserver/node_modules/.bin:/Users/Deepak/MEAN/mongodb-osx-x86_64-3.2.9/bin:/usr/local/bin:/usr/bin:/bin:/usr/sbin:/sbin:/opt/X11/bin:/usr/local/mysql/bin
10 verbose lifecycle express-staticfile@~start: CWD: /Users/Deepak/MEAN_workspace/MEAN_workspace/express-staticfileserver
11 silly lifecycle express-staticfile@~start: Args: [ '-c', 'node app.js' ]
12 silly lifecycle express-staticfile@~start: Returned: code: 1  signal: null
13 info lifecycle express-staticfile@~start: Failed to exec start script
14 verbose stack Error: express-staticfile@ start: `node app.js`
14 verbose stack Exit status 1
14 verbose stack     at EventEmitter.<anonymous> (/usr/local/lib/node_modules/npm/lib/utils/lifecycle.js:279:16)
14 verbose stack     at emitTwo (events.js:106:13)
14 verbose stack     at EventEmitter.emit (events.js:191:7)
14 verbose stack     at ChildProcess.<anonymous> (/usr/local/lib/node_modules/npm/lib/utils/spawn.js:40:14)
14 verbose stack     at emitTwo (events.js:106:13)
14 verbose stack     at ChildProcess.emit (events.js:191:7)
14 verbose stack     at maybeClose (internal/child_process.js:877:16)
14 verbose stack     at Process.ChildProcess._handle.onexit (internal/child_process.js:226:5)
15 verbose pkgid express-staticfile@
16 verbose cwd /Users/Deepak/MEAN_workspace/MEAN_workspace/express-staticfileserver
17 error Darwin 16.1.0
18 error argv "/usr/local/bin/node" "/usr/local/bin/npm" "start"
19 error node v6.8.0
20 error npm  v4.0.2
21 error code ELIFECYCLE
22 error express-staticfile@ start: `node app.js`
22 error Exit status 1
23 error Failed at the express-staticfile@ start script 'node app.js'.
23 error Make sure you have the latest version of node.js and npm installed.
23 error If you do, this is most likely a problem with the express-staticfile package,
23 error not with npm itself.
23 error Tell the author that this fails on your system:
23 error     node app.js
23 error You can get information on how to open an issue for this project with:
23 error     npm bugs express-staticfile
23 error Or if that isn't available, you can get their info via:
23 error     npm owner ls express-staticfile
23 error There is likely additional logging output above.
24 verbose exit [ 1, true ]
